<?xml version="1.0" encoding="UTF-8"?>
<!-- Generated by org.testng.reporters.JUnitXMLReporter -->
<testsuite ignored="0" hostname="nandakiran-nfl" failures="0" tests="4" name="Test" time="71.974" errors="0" timestamp="2025-09-08T12:01:10 IST">
  <testcase classname="tests.LoginPageTests" name="verifyLoginPageElemets" time="0.209"/>
  <testcase classname="tests.LoginPageTests" name="loginIntoApplication" time="30.338"/>
  <testcase classname="tests.CreateAccountTests" name="verifyCreateAccountElements" time="4.299"/>
  <testcase classname="tests.CreateAccountTests" name="verifyResetPinElements" time="3.034"/>
</testsuite> <!-- Test -->
