<?xml version="1.0" encoding="UTF-8"?>
<!-- Generated by org.testng.reporters.JUnitXMLReporter -->
<testsuite ignored="1" hostname="nandakiran-nfl" failures="0" tests="1" name="Default test" time="25.067" errors="0" timestamp="2025-09-01T12:42:37 IST">
  <testcase classname="tests.LoginPageTests" name="loginIntoApplication" time="0.431"/>
  <testcase classname="tests.LoginPageTests" name="verifyLoginPageElemets" time="0.0">
    <ignored/>
  </testcase> <!-- verifyLoginPageElemets -->
</testsuite> <!-- Default test -->
