<?xml version="1.0" encoding="UTF-8"?>
<!-- Generated by org.testng.reporters.JUnitXMLReporter -->
<testsuite ignored="1" hostname="nandakiran-nfl" failures="0" tests="3" name="Test" time="18.715" errors="0" timestamp="2025-08-29T17:51:46 IST">
  <testcase classname="generic.BaseTest" name="@BeforeClass openBrowsser" time="17.468">
    <failure type="com.microsoft.playwright.PlaywrightException" message="Error {
  message=&amp;apos;Cookie should have a url or a domain/path pair
  name=&amp;apos;Error
  stack=&amp;apos;Error: Cookie should have a url or a domain/path pair
    at assert (C:\Users\nanda\AppData\Local\Temp\playwright-java-12635121006539075792\package\lib\utils\isomorphic\assert.js:26:11)
    at C:\Users\nanda\AppData\Local\Temp\playwright-java-12635121006539075792\package\lib\server\network.js:63:29
    at Array.map (&amp;lt;anonymous&amp;gt;)
    at Object.rewriteCookies (C:\Users\nanda\AppData\Local\Temp\playwright-java-12635121006539075792\package\lib\server\network.js:62:18)
    at CRBrowserContext.addCookies (C:\Users\nanda\AppData\Local\Temp\playwright-java-12635121006539075792\package\lib\server\chromium\crBrowser.js:346:80)
    at BrowserContextDispatcher.addCookies (C:\Users\nanda\AppData\Local\Temp\playwright-java-12635121006539075792\package\lib\server\dispatchers\browserContextDispatcher.js:230:25)
    at BrowserContextDispatcher._handleCommand (C:\Users\nanda\AppData\Local\Temp\playwright-java-12635121006539075792\package\lib\server\dispatchers\dispatcher.js:88:40)
    at DispatcherConnection.dispatch (C:\Users\nanda\AppData\Local\Temp\playwright-java-12635121006539075792\package\lib\server\dispatchers\dispatcher.js:309:39)
}">
      <![CDATA[com.microsoft.playwright.PlaywrightException: Error {
  message='Cookie should have a url or a domain/path pair
  name='Error
  stack='Error: Cookie should have a url or a domain/path pair
    at assert (C:\Users\nanda\AppData\Local\Temp\playwright-java-12635121006539075792\package\lib\utils\isomorphic\assert.js:26:11)
    at C:\Users\nanda\AppData\Local\Temp\playwright-java-12635121006539075792\package\lib\server\network.js:63:29
    at Array.map (<anonymous>)
    at Object.rewriteCookies (C:\Users\nanda\AppData\Local\Temp\playwright-java-12635121006539075792\package\lib\server\network.js:62:18)
    at CRBrowserContext.addCookies (C:\Users\nanda\AppData\Local\Temp\playwright-java-12635121006539075792\package\lib\server\chromium\crBrowser.js:346:80)
    at BrowserContextDispatcher.addCookies (C:\Users\nanda\AppData\Local\Temp\playwright-java-12635121006539075792\package\lib\server\dispatchers\browserContextDispatcher.js:230:25)
    at BrowserContextDispatcher._handleCommand (C:\Users\nanda\AppData\Local\Temp\playwright-java-12635121006539075792\package\lib\server\dispatchers\dispatcher.js:88:40)
    at DispatcherConnection.dispatch (C:\Users\nanda\AppData\Local\Temp\playwright-java-12635121006539075792\package\lib\server\dispatchers\dispatcher.js:309:39)
}
at com.microsoft.playwright.impl.WaitableResult.get(WaitableResult.java:56)
at com.microsoft.playwright.impl.ChannelOwner.runUntil(ChannelOwner.java:138)
at com.microsoft.playwright.impl.Connection.sendMessage(Connection.java:131)
at com.microsoft.playwright.impl.ChannelOwner.sendMessage(ChannelOwner.java:124)
at com.microsoft.playwright.impl.BrowserContextImpl.addCookies(BrowserContextImpl.java:322)
at generic.BaseTest.openBrowsser(BaseTest.java:33)
at java.base/java.util.ArrayList.forEach(ArrayList.java:1511)
Caused by: com.microsoft.playwright.impl.DriverException: Error {
  message='Cookie should have a url or a domain/path pair
  name='Error
  stack='Error: Cookie should have a url or a domain/path pair
    at assert (C:\Users\nanda\AppData\Local\Temp\playwright-java-12635121006539075792\package\lib\utils\isomorphic\assert.js:26:11)
    at C:\Users\nanda\AppData\Local\Temp\playwright-java-12635121006539075792\package\lib\server\network.js:63:29
    at Array.map (<anonymous>)
    at Object.rewriteCookies (C:\Users\nanda\AppData\Local\Temp\playwright-java-12635121006539075792\package\lib\server\network.js:62:18)
    at CRBrowserContext.addCookies (C:\Users\nanda\AppData\Local\Temp\playwright-java-12635121006539075792\package\lib\server\chromium\crBrowser.js:346:80)
    at BrowserContextDispatcher.addCookies (C:\Users\nanda\AppData\Local\Temp\playwright-java-12635121006539075792\package\lib\server\dispatchers\browserContextDispatcher.js:230:25)
    at BrowserContextDispatcher._handleCommand (C:\Users\nanda\AppData\Local\Temp\playwright-java-12635121006539075792\package\lib\server\dispatchers\dispatcher.js:88:40)
    at DispatcherConnection.dispatch (C:\Users\nanda\AppData\Local\Temp\playwright-java-12635121006539075792\package\lib\server\dispatchers\dispatcher.js:309:39)
}
at com.microsoft.playwright.impl.Connection.dispatch(Connection.java:262)
at com.microsoft.playwright.impl.Connection.processOneMessage(Connection.java:214)
at com.microsoft.playwright.impl.ChannelOwner.runUntil(ChannelOwner.java:136)
... 30 more
... Removed 25 stack frames]]>
    </failure>
  </testcase> <!-- @BeforeClass openBrowsser -->
  <testcase classname="tests.LoginPageTests" name="@BeforeClass intialization" time="0.005">
    <failure type="java.lang.NullPointerException" message="Cannot invoke &amp;quot;com.microsoft.playwright.Page.locator(String)&amp;quot; because &amp;quot;page&amp;quot; is null">
      <![CDATA[java.lang.NullPointerException: Cannot invoke "com.microsoft.playwright.Page.locator(String)" because "page" is null
at repository.LoginPage.<init>(LoginPage.java:28)
at tests.LoginPageTests.intialization(LoginPageTests.java:21)
at java.base/java.util.ArrayList.forEach(ArrayList.java:1511)
... Removed 25 stack frames]]>
    </failure>
  </testcase> <!-- @BeforeClass intialization -->
  <testcase classname="generic.BaseTest" name="@AfterClass closeBrowser" time="0.0">
    <skipped/>
  </testcase> <!-- @AfterClass closeBrowser -->
  <testcase classname="generic.BaseTest" name="@BeforeClass openBrowsser" time="0.914">
    <failure type="com.microsoft.playwright.PlaywrightException" message="Error {
  message=&amp;apos;Cookie should have a url or a domain/path pair
  name=&amp;apos;Error
  stack=&amp;apos;Error: Cookie should have a url or a domain/path pair
    at assert (C:\Users\nanda\AppData\Local\Temp\playwright-java-12635121006539075792\package\lib\utils\isomorphic\assert.js:26:11)
    at C:\Users\nanda\AppData\Local\Temp\playwright-java-12635121006539075792\package\lib\server\network.js:63:29
    at Array.map (&amp;lt;anonymous&amp;gt;)
    at Object.rewriteCookies (C:\Users\nanda\AppData\Local\Temp\playwright-java-12635121006539075792\package\lib\server\network.js:62:18)
    at CRBrowserContext.addCookies (C:\Users\nanda\AppData\Local\Temp\playwright-java-12635121006539075792\package\lib\server\chromium\crBrowser.js:346:80)
    at BrowserContextDispatcher.addCookies (C:\Users\nanda\AppData\Local\Temp\playwright-java-12635121006539075792\package\lib\server\dispatchers\browserContextDispatcher.js:230:25)
    at BrowserContextDispatcher._handleCommand (C:\Users\nanda\AppData\Local\Temp\playwright-java-12635121006539075792\package\lib\server\dispatchers\dispatcher.js:88:40)
    at DispatcherConnection.dispatch (C:\Users\nanda\AppData\Local\Temp\playwright-java-12635121006539075792\package\lib\server\dispatchers\dispatcher.js:309:39)
}">
      <![CDATA[com.microsoft.playwright.PlaywrightException: Error {
  message='Cookie should have a url or a domain/path pair
  name='Error
  stack='Error: Cookie should have a url or a domain/path pair
    at assert (C:\Users\nanda\AppData\Local\Temp\playwright-java-12635121006539075792\package\lib\utils\isomorphic\assert.js:26:11)
    at C:\Users\nanda\AppData\Local\Temp\playwright-java-12635121006539075792\package\lib\server\network.js:63:29
    at Array.map (<anonymous>)
    at Object.rewriteCookies (C:\Users\nanda\AppData\Local\Temp\playwright-java-12635121006539075792\package\lib\server\network.js:62:18)
    at CRBrowserContext.addCookies (C:\Users\nanda\AppData\Local\Temp\playwright-java-12635121006539075792\package\lib\server\chromium\crBrowser.js:346:80)
    at BrowserContextDispatcher.addCookies (C:\Users\nanda\AppData\Local\Temp\playwright-java-12635121006539075792\package\lib\server\dispatchers\browserContextDispatcher.js:230:25)
    at BrowserContextDispatcher._handleCommand (C:\Users\nanda\AppData\Local\Temp\playwright-java-12635121006539075792\package\lib\server\dispatchers\dispatcher.js:88:40)
    at DispatcherConnection.dispatch (C:\Users\nanda\AppData\Local\Temp\playwright-java-12635121006539075792\package\lib\server\dispatchers\dispatcher.js:309:39)
}
at com.microsoft.playwright.impl.WaitableResult.get(WaitableResult.java:56)
at com.microsoft.playwright.impl.ChannelOwner.runUntil(ChannelOwner.java:138)
at com.microsoft.playwright.impl.Connection.sendMessage(Connection.java:131)
at com.microsoft.playwright.impl.ChannelOwner.sendMessage(ChannelOwner.java:124)
at com.microsoft.playwright.impl.BrowserContextImpl.addCookies(BrowserContextImpl.java:322)
at generic.BaseTest.openBrowsser(BaseTest.java:33)
at java.base/java.util.ArrayList.forEach(ArrayList.java:1511)
Caused by: com.microsoft.playwright.impl.DriverException: Error {
  message='Cookie should have a url or a domain/path pair
  name='Error
  stack='Error: Cookie should have a url or a domain/path pair
    at assert (C:\Users\nanda\AppData\Local\Temp\playwright-java-12635121006539075792\package\lib\utils\isomorphic\assert.js:26:11)
    at C:\Users\nanda\AppData\Local\Temp\playwright-java-12635121006539075792\package\lib\server\network.js:63:29
    at Array.map (<anonymous>)
    at Object.rewriteCookies (C:\Users\nanda\AppData\Local\Temp\playwright-java-12635121006539075792\package\lib\server\network.js:62:18)
    at CRBrowserContext.addCookies (C:\Users\nanda\AppData\Local\Temp\playwright-java-12635121006539075792\package\lib\server\chromium\crBrowser.js:346:80)
    at BrowserContextDispatcher.addCookies (C:\Users\nanda\AppData\Local\Temp\playwright-java-12635121006539075792\package\lib\server\dispatchers\browserContextDispatcher.js:230:25)
    at BrowserContextDispatcher._handleCommand (C:\Users\nanda\AppData\Local\Temp\playwright-java-12635121006539075792\package\lib\server\dispatchers\dispatcher.js:88:40)
    at DispatcherConnection.dispatch (C:\Users\nanda\AppData\Local\Temp\playwright-java-12635121006539075792\package\lib\server\dispatchers\dispatcher.js:309:39)
}
at com.microsoft.playwright.impl.Connection.dispatch(Connection.java:262)
at com.microsoft.playwright.impl.Connection.processOneMessage(Connection.java:214)
at com.microsoft.playwright.impl.ChannelOwner.runUntil(ChannelOwner.java:136)
... 30 more
... Removed 25 stack frames]]>
    </failure>
  </testcase> <!-- @BeforeClass openBrowsser -->
  <testcase classname="tests.CreateAccountTests" name="@BeforeClass initiazition" time="0.0">
    <skipped/>
  </testcase> <!-- @BeforeClass initiazition -->
  <testcase classname="generic.BaseTest" name="@AfterClass closeBrowser" time="0.0">
    <skipped/>
  </testcase> <!-- @AfterClass closeBrowser -->
  <testcase classname="tests.LoginPageTests" name="loginIntoApplication" time="0.0">
    <skipped/>
  </testcase> <!-- loginIntoApplication -->
  <testcase classname="tests.CreateAccountTests" name="verifyCreateAccountElements" time="0.0">
    <skipped/>
  </testcase> <!-- verifyCreateAccountElements -->
  <testcase classname="tests.CreateAccountTests" name="verifyResetPinElements" time="0.0">
    <skipped/>
  </testcase> <!-- verifyResetPinElements -->
  <testcase classname="tests.LoginPageTests" name="verifyLoginPageElemets" time="0.0">
    <ignored/>
  </testcase> <!-- verifyLoginPageElemets -->
</testsuite> <!-- Test -->
