<?xml version="1.0" encoding="UTF-8"?>
<!-- Generated by org.testng.reporters.JUnitXMLReporter -->
<testsuite ignored="0" hostname="nandakiran-nfl" failures="1" tests="3" name="Test" time="37.925" errors="0" timestamp="2025-08-19T17:54:11 IST">
  <testcase classname="locators.GetLocators" name="verifyCreateAccount" time="0.439">
    <failure type="java.lang.IndexOutOfBoundsException" message="Index 0 out of bounds for length 0">
      <![CDATA[java.lang.IndexOutOfBoundsException: Index 0 out of bounds for length 0
at java.base/jdk.internal.util.Preconditions.outOfBounds(Preconditions.java:64)
at java.base/jdk.internal.util.Preconditions.outOfBoundsCheckIndex(Preconditions.java:70)
at java.base/jdk.internal.util.Preconditions.checkIndex(Preconditions.java:266)
at java.base/java.util.Objects.checkIndex(Objects.java:361)
at java.base/java.util.ArrayList.get(ArrayList.java:427)
at locators.GetLocators.verifyCreateAccount(GetLocators.java:65)
at java.base/java.util.ArrayList.forEach(ArrayList.java:1511)
... Removed 27 stack frames]]>
    </failure>
  </testcase> <!-- verifyCreateAccount -->
  <testcase classname="Day1.OpenBroweser" name="verifyLoginPage" time="0.175"/>
  <testcase classname="Day1.OpenBroweser" name="loginIntoApplication" time="4.543"/>
</testsuite> <!-- Test -->
