<?xml version="1.0" encoding="UTF-8"?>
<!-- Generated by org.testng.reporters.JUnitXMLReporter -->
<testsuite ignored="0" hostname="nandakiran-nfl" failures="0" tests="3" name="Test" time="63.306" errors="0" timestamp="2025-08-28T11:05:29 IST">
  <testcase classname="tests.LoginPageTests" name="verifyLoginPageElemets" time="0.218"/>
  <testcase classname="tests.LoginPageTests" name="loginIntoApplication" time="0.222"/>
  <testcase classname="tests.CreateAccountTests" name="verifyCreateAccountElements" time="5.329"/>
</testsuite> <!-- Test -->
