<?xml version="1.0" encoding="UTF-8"?>
<testng-results ignored="0" total="2" passed="2" failed="0" skipped="0">
  <reporter-output>
  </reporter-output>
  <suite started-at="2025-08-28T12:13:17 IST" name="Default suite" finished-at="2025-08-28T12:13:49 IST" duration-ms="32509">
    <groups>
    </groups>
    <test started-at="2025-08-28T12:13:17 IST" name="Default test" finished-at="2025-08-28T12:13:49 IST" duration-ms="32509">
      <class name="tests.CreateAccountTests">
        <test-method is-config="true" signature="openBrowsser()[pri:0, instance:tests.CreateAccountTests@229c6181]" started-at="2025-08-28T12:13:17 IST" name="openBrowsser" finished-at="2025-08-28T12:13:42 IST" duration-ms="24969" status="PASS">
          <reporter-output>
          </reporter-output>
        </test-method> <!-- openBrowsser -->
        <test-method is-config="true" signature="initiazition()[pri:0, instance:tests.CreateAccountTests@229c6181]" started-at="2025-08-28T12:13:42 IST" name="initiazition" finished-at="2025-08-28T12:13:42 IST" duration-ms="56" status="PASS">
          <reporter-output>
          </reporter-output>
        </test-method> <!-- initiazition -->
        <test-method signature="verifyCreateAccountElements()[pri:1, instance:tests.CreateAccountTests@229c6181]" started-at="2025-08-28T12:13:42 IST" name="verifyCreateAccountElements" description="Verify that user is able to see all fields of create account page." finished-at="2025-08-28T12:13:46 IST" duration-ms="3794" status="PASS">
          <reporter-output>
          </reporter-output>
        </test-method> <!-- verifyCreateAccountElements -->
        <test-method signature="verifyResetPinElements()[pri:2, instance:tests.CreateAccountTests@229c6181]" started-at="2025-08-28T12:13:46 IST" name="verifyResetPinElements" description="Verify that user is able to see all fields of reset pin page." finished-at="2025-08-28T12:13:49 IST" duration-ms="2960" status="PASS">
          <reporter-output>
          </reporter-output>
        </test-method> <!-- verifyResetPinElements -->
        <test-method is-config="true" signature="closeBrowser()[pri:0, instance:tests.CreateAccountTests@229c6181]" started-at="2025-08-28T12:13:49 IST" name="closeBrowser" finished-at="2025-08-28T12:13:49 IST" duration-ms="665" status="PASS">
          <reporter-output>
          </reporter-output>
        </test-method> <!-- closeBrowser -->
      </class> <!-- tests.CreateAccountTests -->
    </test> <!-- Default test -->
  </suite> <!-- Default suite -->
</testng-results>
